10:42:04.906 [main] INFO  o.h.jpa.internal.util.LogHelper -
				HHH000204: Processing PersistenceUnitInfo [name: pizzeria]
10:42:05.005 [main] INFO  org.hibernate.Version -
				HHH000412: Hibernate Core {5.4.2.Final}
10:42:05.135 [main] INFO  o.h.annotations.common.Version -
				HCANN000001: Hibernate Commons Annotations {5.1.0.Final}
10:42:05.330 [main] WARN  o.hibernate.orm.connections.pooling -
				HHH10001002: Using Hibernate built-in connection pool (not for production use!)
10:42:05.335 [main] INFO  o.hibernate.orm.connections.pooling -
				HHH10001005: using driver [com.mysql.jdbc.Driver] at URL [jdbc:mysql://bxtb5p7tvljidmqpfkpw-mysql.services.clever-cloud.com:3306/bxtb5p7tvljidmqpfkpw?useSSL=false]
10:42:05.336 [main] INFO  o.hibernate.orm.connections.pooling -
				HHH10001001: Connection properties: {user=u1hfeof3sqlpi6ge, password=****}
10:42:05.336 [main] INFO  o.hibernate.orm.connections.pooling -
				HHH10001003: Autocommit mode: false
10:42:05.339 [main] INFO  o.h.e.j.c.i.DriverManagerConnectionProviderImpl -
				HHH000115: Hibernate connection pool size: 20 (min=1)
10:42:05.566 [main] INFO  org.hibernate.dialect.Dialect -
				HHH000400: Using dialect: org.hibernate.dialect.MySQL8Dialect
10:42:06.141 [main] INFO  o.h.e.t.j.p.i.JtaPlatformInitiator -
				HHH000490: Using JtaPlatform implementation: [org.hibernate.engine.transaction.jta.platform.internal.NoJtaPlatform]
10:42:06.367 [main] INFO  o.hibernate.orm.connections.pooling -
				HHH10001008: Cleaning up connection pool [jdbc:mysql://bxtb5p7tvljidmqpfkpw-mysql.services.clever-cloud.com:3306/bxtb5p7tvljidmqpfkpw?useSSL=false]
10:43:51.565 [main] INFO  fr.pizzeria.console.LogExemple -
				L'application vient de démarrer.
10:43:51.565 [main] INFO  fr.pizzeria.console.LogExemple -
				L'application vient de démarrer.
10:44:59.352 [main] WARN  fr.pizzeria.console.LogExemple -
				L'application vient de démarrer.
10:44:59.352 [main] WARN  fr.pizzeria.console.LogExemple -
				L'application vient de démarrer.
15:21:42.580 [main] INFO  o.h.jpa.internal.util.LogHelper -
				HHH000204: Processing PersistenceUnitInfo [name: pizzeria]
15:21:42.672 [main] INFO  org.hibernate.Version -
				HHH000412: Hibernate Core {5.4.2.Final}
15:21:42.809 [main] INFO  o.h.annotations.common.Version -
				HCANN000001: Hibernate Commons Annotations {5.1.0.Final}
15:21:43.011 [main] WARN  o.hibernate.orm.connections.pooling -
				HHH10001002: Using Hibernate built-in connection pool (not for production use!)
15:21:43.017 [main] INFO  o.hibernate.orm.connections.pooling -
				HHH10001005: using driver [com.mysql.jdbc.Driver] at URL [jdbc:mysql://bxtb5p7tvljidmqpfkpw-mysql.services.clever-cloud.com:3306/bxtb5p7tvljidmqpfkpw?useSSL=false]
15:21:43.017 [main] INFO  o.hibernate.orm.connections.pooling -
				HHH10001001: Connection properties: {user=u1hfeof3sqlpi6ge, password=****}
15:21:43.017 [main] INFO  o.hibernate.orm.connections.pooling -
				HHH10001003: Autocommit mode: false
15:21:43.020 [main] INFO  o.h.e.j.c.i.DriverManagerConnectionProviderImpl -
				HHH000115: Hibernate connection pool size: 20 (min=1)
15:21:43.334 [main] INFO  org.hibernate.dialect.Dialect -
				HHH000400: Using dialect: org.hibernate.dialect.MySQL8Dialect
15:21:43.939 [main] INFO  o.h.e.t.j.p.i.JtaPlatformInitiator -
				HHH000490: Using JtaPlatform implementation: [org.hibernate.engine.transaction.jta.platform.internal.NoJtaPlatform]
15:22:57.274 [main] INFO  o.h.jpa.internal.util.LogHelper -
				HHH000204: Processing PersistenceUnitInfo [name: pizzeria]
15:22:57.365 [main] INFO  org.hibernate.Version -
				HHH000412: Hibernate Core {5.4.2.Final}
15:22:57.503 [main] INFO  o.h.annotations.common.Version -
				HCANN000001: Hibernate Commons Annotations {5.1.0.Final}
15:22:57.702 [main] WARN  o.hibernate.orm.connections.pooling -
				HHH10001002: Using Hibernate built-in connection pool (not for production use!)
15:22:57.709 [main] INFO  o.hibernate.orm.connections.pooling -
				HHH10001005: using driver [com.mysql.cj.jdbc.Driver] at URL [jdbc:mysql://bxtb5p7tvljidmqpfkpw-mysql.services.clever-cloud.com:3306/bxtb5p7tvljidmqpfkpw?useSSL=false]
15:22:57.709 [main] INFO  o.hibernate.orm.connections.pooling -
				HHH10001001: Connection properties: {user=u1hfeof3sqlpi6ge, password=****}
15:22:57.709 [main] INFO  o.hibernate.orm.connections.pooling -
				HHH10001003: Autocommit mode: false
15:22:57.712 [main] INFO  o.h.e.j.c.i.DriverManagerConnectionProviderImpl -
				HHH000115: Hibernate connection pool size: 20 (min=1)
15:22:57.967 [main] INFO  org.hibernate.dialect.Dialect -
				HHH000400: Using dialect: org.hibernate.dialect.MySQL8Dialect
15:22:58.552 [main] INFO  o.h.e.t.j.p.i.JtaPlatformInitiator -
				HHH000490: Using JtaPlatform implementation: [org.hibernate.engine.transaction.jta.platform.internal.NoJtaPlatform]
15:23:55.428 [main] INFO  o.h.jpa.internal.util.LogHelper -
				HHH000204: Processing PersistenceUnitInfo [name: pizzeria]
15:23:55.517 [main] INFO  org.hibernate.Version -
				HHH000412: Hibernate Core {5.4.2.Final}
15:23:55.653 [main] INFO  o.h.annotations.common.Version -
				HCANN000001: Hibernate Commons Annotations {5.1.0.Final}
15:23:55.850 [main] WARN  o.hibernate.orm.connections.pooling -
				HHH10001002: Using Hibernate built-in connection pool (not for production use!)
15:23:55.856 [main] INFO  o.hibernate.orm.connections.pooling -
				HHH10001005: using driver [com.mysql.cj.jdbc.Driver] at URL [jdbc:mysql://bxtb5p7tvljidmqpfkpw-mysql.services.clever-cloud.com:3306/bxtb5p7tvljidmqpfkpw?useSSL=false]
15:23:55.856 [main] INFO  o.hibernate.orm.connections.pooling -
				HHH10001001: Connection properties: {user=u1hfeof3sqlpi6ge, password=****}
15:23:55.856 [main] INFO  o.hibernate.orm.connections.pooling -
				HHH10001003: Autocommit mode: false
15:23:55.859 [main] INFO  o.h.e.j.c.i.DriverManagerConnectionProviderImpl -
				HHH000115: Hibernate connection pool size: 20 (min=1)
15:23:56.104 [main] INFO  org.hibernate.dialect.Dialect -
				HHH000400: Using dialect: org.hibernate.dialect.MySQL8Dialect
15:23:56.692 [main] INFO  o.h.e.t.j.p.i.JtaPlatformInitiator -
				HHH000490: Using JtaPlatform implementation: [org.hibernate.engine.transaction.jta.platform.internal.NoJtaPlatform]
15:23:57.020 [main] INFO  o.hibernate.orm.connections.pooling -
				HHH10001008: Cleaning up connection pool [jdbc:mysql://bxtb5p7tvljidmqpfkpw-mysql.services.clever-cloud.com:3306/bxtb5p7tvljidmqpfkpw?useSSL=false]
17:11:32.147 [main] INFO  o.h.jpa.internal.util.LogHelper -
				HHH000204: Processing PersistenceUnitInfo [name: pizzeria]
17:11:32.236 [main] INFO  org.hibernate.Version -
				HHH000412: Hibernate Core {5.4.2.Final}
17:11:32.371 [main] INFO  o.h.annotations.common.Version -
				HCANN000001: Hibernate Commons Annotations {5.1.0.Final}
17:11:32.568 [main] WARN  o.hibernate.orm.connections.pooling -
				HHH10001002: Using Hibernate built-in connection pool (not for production use!)
17:11:32.574 [main] INFO  o.hibernate.orm.connections.pooling -
				HHH10001005: using driver [com.mysql.cj.jdbc.Driver] at URL [jdbc:mysql://bxtb5p7tvljidmqpfkpw-mysql.services.clever-cloud.com:3306/bxtb5p7tvljidmqpfkpw?useSSL=false]
17:11:32.574 [main] INFO  o.hibernate.orm.connections.pooling -
				HHH10001001: Connection properties: {user=u1hfeof3sqlpi6ge, password=****}
17:11:32.575 [main] INFO  o.hibernate.orm.connections.pooling -
				HHH10001003: Autocommit mode: false
17:11:32.577 [main] INFO  o.h.e.j.c.i.DriverManagerConnectionProviderImpl -
				HHH000115: Hibernate connection pool size: 20 (min=1)
17:11:32.837 [main] INFO  org.hibernate.dialect.Dialect -
				HHH000400: Using dialect: org.hibernate.dialect.MySQL8Dialect
17:11:33.414 [main] INFO  o.h.e.t.j.p.i.JtaPlatformInitiator -
				HHH000490: Using JtaPlatform implementation: [org.hibernate.engine.transaction.jta.platform.internal.NoJtaPlatform]
17:11:33.685 [main] INFO  o.hibernate.orm.connections.pooling -
				HHH10001008: Cleaning up connection pool [jdbc:mysql://bxtb5p7tvljidmqpfkpw-mysql.services.clever-cloud.com:3306/bxtb5p7tvljidmqpfkpw?useSSL=false]
17:11:33.693 [main] INFO  o.h.jpa.internal.util.LogHelper -
				HHH000204: Processing PersistenceUnitInfo [name: pizzeria]
17:11:33.704 [main] WARN  o.hibernate.orm.connections.pooling -
				HHH10001002: Using Hibernate built-in connection pool (not for production use!)
17:11:33.704 [main] INFO  o.hibernate.orm.connections.pooling -
				HHH10001005: using driver [com.mysql.cj.jdbc.Driver] at URL [jdbc:mysql://bxtb5p7tvljidmqpfkpw-mysql.services.clever-cloud.com:3306/bxtb5p7tvljidmqpfkpw?useSSL=false]
17:11:33.705 [main] INFO  o.hibernate.orm.connections.pooling -
				HHH10001001: Connection properties: {user=u1hfeof3sqlpi6ge, password=****}
17:11:33.705 [main] INFO  o.hibernate.orm.connections.pooling -
				HHH10001003: Autocommit mode: false
17:11:33.705 [main] INFO  o.h.e.j.c.i.DriverManagerConnectionProviderImpl -
				HHH000115: Hibernate connection pool size: 20 (min=1)
17:11:33.800 [main] INFO  org.hibernate.dialect.Dialect -
				HHH000400: Using dialect: org.hibernate.dialect.MySQL8Dialect
17:11:33.842 [main] INFO  o.h.e.t.j.p.i.JtaPlatformInitiator -
				HHH000490: Using JtaPlatform implementation: [org.hibernate.engine.transaction.jta.platform.internal.NoJtaPlatform]
17:11:33.924 [main] INFO  o.hibernate.orm.connections.pooling -
				HHH10001008: Cleaning up connection pool [jdbc:mysql://bxtb5p7tvljidmqpfkpw-mysql.services.clever-cloud.com:3306/bxtb5p7tvljidmqpfkpw?useSSL=false]
17:07:40.800 [main] INFO  o.h.jpa.internal.util.LogHelper -
				HHH000204: Processing PersistenceUnitInfo [name: pizzeria]
17:07:40.889 [main] INFO  org.hibernate.Version -
				HHH000412: Hibernate Core {5.4.2.Final}
17:07:41.013 [main] INFO  o.h.annotations.common.Version -
				HCANN000001: Hibernate Commons Annotations {5.1.0.Final}
17:07:41.197 [main] WARN  o.hibernate.orm.connections.pooling -
				HHH10001002: Using Hibernate built-in connection pool (not for production use!)
17:07:41.202 [main] INFO  o.hibernate.orm.connections.pooling -
				HHH10001005: using driver [com.mysql.cj.jdbc.Driver] at URL [jdbc:mysql://bxtb5p7tvljidmqpfkpw-mysql.services.clever-cloud.com:3306/bxtb5p7tvljidmqpfkpw?useSSL=false]
17:07:41.203 [main] INFO  o.hibernate.orm.connections.pooling -
				HHH10001001: Connection properties: {user=u1hfeof3sqlpi6ge, password=****}
17:07:41.203 [main] INFO  o.hibernate.orm.connections.pooling -
				HHH10001003: Autocommit mode: false
17:07:41.205 [main] INFO  o.h.e.j.c.i.DriverManagerConnectionProviderImpl -
				HHH000115: Hibernate connection pool size: 20 (min=1)
17:07:41.451 [main] INFO  org.hibernate.dialect.Dialect -
				HHH000400: Using dialect: org.hibernate.dialect.MySQL8Dialect
17:07:41.970 [main] INFO  o.h.e.t.j.p.i.JtaPlatformInitiator -
				HHH000490: Using JtaPlatform implementation: [org.hibernate.engine.transaction.jta.platform.internal.NoJtaPlatform]
17:07:42.191 [main] INFO  o.hibernate.orm.connections.pooling -
				HHH10001008: Cleaning up connection pool [jdbc:mysql://bxtb5p7tvljidmqpfkpw-mysql.services.clever-cloud.com:3306/bxtb5p7tvljidmqpfkpw?useSSL=false]
17:07:46.882 [main] INFO  o.h.jpa.internal.util.LogHelper -
				HHH000204: Processing PersistenceUnitInfo [name: pizzeria]
17:07:46.890 [main] WARN  o.hibernate.orm.connections.pooling -
				HHH10001002: Using Hibernate built-in connection pool (not for production use!)
17:07:46.891 [main] INFO  o.hibernate.orm.connections.pooling -
				HHH10001005: using driver [com.mysql.cj.jdbc.Driver] at URL [jdbc:mysql://bxtb5p7tvljidmqpfkpw-mysql.services.clever-cloud.com:3306/bxtb5p7tvljidmqpfkpw?useSSL=false]
17:07:46.891 [main] INFO  o.hibernate.orm.connections.pooling -
				HHH10001001: Connection properties: {user=u1hfeof3sqlpi6ge, password=****}
17:07:46.891 [main] INFO  o.hibernate.orm.connections.pooling -
				HHH10001003: Autocommit mode: false
17:07:46.891 [main] INFO  o.h.e.j.c.i.DriverManagerConnectionProviderImpl -
				HHH000115: Hibernate connection pool size: 20 (min=1)
17:07:46.987 [main] INFO  org.hibernate.dialect.Dialect -
				HHH000400: Using dialect: org.hibernate.dialect.MySQL8Dialect
17:07:47.029 [main] INFO  o.h.e.t.j.p.i.JtaPlatformInitiator -
				HHH000490: Using JtaPlatform implementation: [org.hibernate.engine.transaction.jta.platform.internal.NoJtaPlatform]
17:07:47.068 [main] INFO  o.hibernate.orm.connections.pooling -
				HHH10001008: Cleaning up connection pool [jdbc:mysql://bxtb5p7tvljidmqpfkpw-mysql.services.clever-cloud.com:3306/bxtb5p7tvljidmqpfkpw?useSSL=false]
17:07:52.465 [main] INFO  o.h.jpa.internal.util.LogHelper -
				HHH000204: Processing PersistenceUnitInfo [name: pizzeria]
17:07:52.473 [main] WARN  o.hibernate.orm.connections.pooling -
				HHH10001002: Using Hibernate built-in connection pool (not for production use!)
17:07:52.474 [main] INFO  o.hibernate.orm.connections.pooling -
				HHH10001005: using driver [com.mysql.cj.jdbc.Driver] at URL [jdbc:mysql://bxtb5p7tvljidmqpfkpw-mysql.services.clever-cloud.com:3306/bxtb5p7tvljidmqpfkpw?useSSL=false]
17:07:52.474 [main] INFO  o.hibernate.orm.connections.pooling -
				HHH10001001: Connection properties: {user=u1hfeof3sqlpi6ge, password=****}
17:07:52.474 [main] INFO  o.hibernate.orm.connections.pooling -
				HHH10001003: Autocommit mode: false
17:07:52.474 [main] INFO  o.h.e.j.c.i.DriverManagerConnectionProviderImpl -
				HHH000115: Hibernate connection pool size: 20 (min=1)
17:07:52.570 [main] INFO  org.hibernate.dialect.Dialect -
				HHH000400: Using dialect: org.hibernate.dialect.MySQL8Dialect
17:07:52.612 [main] INFO  o.h.e.t.j.p.i.JtaPlatformInitiator -
				HHH000490: Using JtaPlatform implementation: [org.hibernate.engine.transaction.jta.platform.internal.NoJtaPlatform]
17:08:29.102 [main] INFO  o.h.jpa.internal.util.LogHelper -
				HHH000204: Processing PersistenceUnitInfo [name: pizzeria]
17:08:29.188 [main] INFO  org.hibernate.Version -
				HHH000412: Hibernate Core {5.4.2.Final}
17:08:29.313 [main] INFO  o.h.annotations.common.Version -
				HCANN000001: Hibernate Commons Annotations {5.1.0.Final}
17:08:29.495 [main] WARN  o.hibernate.orm.connections.pooling -
				HHH10001002: Using Hibernate built-in connection pool (not for production use!)
17:08:29.500 [main] INFO  o.hibernate.orm.connections.pooling -
				HHH10001005: using driver [com.mysql.cj.jdbc.Driver] at URL [jdbc:mysql://bxtb5p7tvljidmqpfkpw-mysql.services.clever-cloud.com:3306/bxtb5p7tvljidmqpfkpw?useSSL=false]
17:08:29.500 [main] INFO  o.hibernate.orm.connections.pooling -
				HHH10001001: Connection properties: {user=u1hfeof3sqlpi6ge, password=****}
17:08:29.500 [main] INFO  o.hibernate.orm.connections.pooling -
				HHH10001003: Autocommit mode: false
17:08:29.502 [main] INFO  o.h.e.j.c.i.DriverManagerConnectionProviderImpl -
				HHH000115: Hibernate connection pool size: 20 (min=1)
17:08:29.722 [main] INFO  org.hibernate.dialect.Dialect -
				HHH000400: Using dialect: org.hibernate.dialect.MySQL8Dialect
17:08:30.242 [main] INFO  o.h.e.t.j.p.i.JtaPlatformInitiator -
				HHH000490: Using JtaPlatform implementation: [org.hibernate.engine.transaction.jta.platform.internal.NoJtaPlatform]
17:08:30.463 [main] INFO  o.hibernate.orm.connections.pooling -
				HHH10001008: Cleaning up connection pool [jdbc:mysql://bxtb5p7tvljidmqpfkpw-mysql.services.clever-cloud.com:3306/bxtb5p7tvljidmqpfkpw?useSSL=false]
17:08:34.161 [main] INFO  o.h.jpa.internal.util.LogHelper -
				HHH000204: Processing PersistenceUnitInfo [name: pizzeria]
17:08:34.169 [main] WARN  o.hibernate.orm.connections.pooling -
				HHH10001002: Using Hibernate built-in connection pool (not for production use!)
17:08:34.170 [main] INFO  o.hibernate.orm.connections.pooling -
				HHH10001005: using driver [com.mysql.cj.jdbc.Driver] at URL [jdbc:mysql://bxtb5p7tvljidmqpfkpw-mysql.services.clever-cloud.com:3306/bxtb5p7tvljidmqpfkpw?useSSL=false]
17:08:34.170 [main] INFO  o.hibernate.orm.connections.pooling -
				HHH10001001: Connection properties: {user=u1hfeof3sqlpi6ge, password=****}
17:08:34.170 [main] INFO  o.hibernate.orm.connections.pooling -
				HHH10001003: Autocommit mode: false
17:08:34.170 [main] INFO  o.h.e.j.c.i.DriverManagerConnectionProviderImpl -
				HHH000115: Hibernate connection pool size: 20 (min=1)
17:08:34.266 [main] INFO  org.hibernate.dialect.Dialect -
				HHH000400: Using dialect: org.hibernate.dialect.MySQL8Dialect
17:08:34.307 [main] INFO  o.h.e.t.j.p.i.JtaPlatformInitiator -
				HHH000490: Using JtaPlatform implementation: [org.hibernate.engine.transaction.jta.platform.internal.NoJtaPlatform]
17:08:34.380 [main] INFO  o.h.jpa.internal.util.LogHelper -
				HHH000204: Processing PersistenceUnitInfo [name: pizzeria]
17:08:34.388 [main] WARN  o.hibernate.orm.connections.pooling -
				HHH10001002: Using Hibernate built-in connection pool (not for production use!)
17:08:34.389 [main] INFO  o.hibernate.orm.connections.pooling -
				HHH10001005: using driver [com.mysql.cj.jdbc.Driver] at URL [jdbc:mysql://bxtb5p7tvljidmqpfkpw-mysql.services.clever-cloud.com:3306/bxtb5p7tvljidmqpfkpw?useSSL=false]
17:08:34.389 [main] INFO  o.hibernate.orm.connections.pooling -
				HHH10001001: Connection properties: {user=u1hfeof3sqlpi6ge, password=****}
17:08:34.389 [main] INFO  o.hibernate.orm.connections.pooling -
				HHH10001003: Autocommit mode: false
17:08:34.389 [main] INFO  o.h.e.j.c.i.DriverManagerConnectionProviderImpl -
				HHH000115: Hibernate connection pool size: 20 (min=1)
17:08:34.494 [main] INFO  org.hibernate.dialect.Dialect -
				HHH000400: Using dialect: org.hibernate.dialect.MySQL8Dialect
17:08:34.524 [main] INFO  o.h.e.t.j.p.i.JtaPlatformInitiator -
				HHH000490: Using JtaPlatform implementation: [org.hibernate.engine.transaction.jta.platform.internal.NoJtaPlatform]
17:08:34.666 [main] INFO  o.hibernate.orm.connections.pooling -
				HHH10001008: Cleaning up connection pool [jdbc:mysql://bxtb5p7tvljidmqpfkpw-mysql.services.clever-cloud.com:3306/bxtb5p7tvljidmqpfkpw?useSSL=false]
17:09:05.170 [main] INFO  o.h.jpa.internal.util.LogHelper -
				HHH000204: Processing PersistenceUnitInfo [name: pizzeria]
17:09:05.181 [main] WARN  o.hibernate.orm.connections.pooling -
				HHH10001002: Using Hibernate built-in connection pool (not for production use!)
17:09:05.181 [main] INFO  o.hibernate.orm.connections.pooling -
				HHH10001005: using driver [com.mysql.cj.jdbc.Driver] at URL [jdbc:mysql://bxtb5p7tvljidmqpfkpw-mysql.services.clever-cloud.com:3306/bxtb5p7tvljidmqpfkpw?useSSL=false]
17:09:05.181 [main] INFO  o.hibernate.orm.connections.pooling -
				HHH10001001: Connection properties: {user=u1hfeof3sqlpi6ge, password=****}
17:09:05.181 [main] INFO  o.hibernate.orm.connections.pooling -
				HHH10001003: Autocommit mode: false
17:09:05.181 [main] INFO  o.h.e.j.c.i.DriverManagerConnectionProviderImpl -
				HHH000115: Hibernate connection pool size: 20 (min=1)
17:09:05.278 [main] INFO  org.hibernate.dialect.Dialect -
				HHH000400: Using dialect: org.hibernate.dialect.MySQL8Dialect
17:09:05.320 [main] INFO  o.h.e.t.j.p.i.JtaPlatformInitiator -
				HHH000490: Using JtaPlatform implementation: [org.hibernate.engine.transaction.jta.platform.internal.NoJtaPlatform]
17:09:20.465 [main] INFO  o.h.jpa.internal.util.LogHelper -
				HHH000204: Processing PersistenceUnitInfo [name: pizzeria]
17:09:20.475 [main] WARN  o.hibernate.orm.connections.pooling -
				HHH10001002: Using Hibernate built-in connection pool (not for production use!)
17:09:20.475 [main] INFO  o.hibernate.orm.connections.pooling -
				HHH10001005: using driver [com.mysql.cj.jdbc.Driver] at URL [jdbc:mysql://bxtb5p7tvljidmqpfkpw-mysql.services.clever-cloud.com:3306/bxtb5p7tvljidmqpfkpw?useSSL=false]
17:09:20.475 [main] INFO  o.hibernate.orm.connections.pooling -
				HHH10001001: Connection properties: {user=u1hfeof3sqlpi6ge, password=****}
17:09:20.475 [main] INFO  o.hibernate.orm.connections.pooling -
				HHH10001003: Autocommit mode: false
17:09:20.475 [main] INFO  o.h.e.j.c.i.DriverManagerConnectionProviderImpl -
				HHH000115: Hibernate connection pool size: 20 (min=1)
17:09:20.578 [main] INFO  org.hibernate.dialect.Dialect -
				HHH000400: Using dialect: org.hibernate.dialect.MySQL8Dialect
17:09:20.609 [main] INFO  o.h.e.t.j.p.i.JtaPlatformInitiator -
				HHH000490: Using JtaPlatform implementation: [org.hibernate.engine.transaction.jta.platform.internal.NoJtaPlatform]
17:09:20.787 [main] INFO  o.hibernate.orm.connections.pooling -
				HHH10001008: Cleaning up connection pool [jdbc:mysql://bxtb5p7tvljidmqpfkpw-mysql.services.clever-cloud.com:3306/bxtb5p7tvljidmqpfkpw?useSSL=false]
17:09:24.481 [main] INFO  o.h.jpa.internal.util.LogHelper -
				HHH000204: Processing PersistenceUnitInfo [name: pizzeria]
17:09:24.490 [main] WARN  o.hibernate.orm.connections.pooling -
				HHH10001002: Using Hibernate built-in connection pool (not for production use!)
17:09:24.490 [main] INFO  o.hibernate.orm.connections.pooling -
				HHH10001005: using driver [com.mysql.cj.jdbc.Driver] at URL [jdbc:mysql://bxtb5p7tvljidmqpfkpw-mysql.services.clever-cloud.com:3306/bxtb5p7tvljidmqpfkpw?useSSL=false]
17:09:24.490 [main] INFO  o.hibernate.orm.connections.pooling -
				HHH10001001: Connection properties: {user=u1hfeof3sqlpi6ge, password=****}
17:09:24.490 [main] INFO  o.hibernate.orm.connections.pooling -
				HHH10001003: Autocommit mode: false
17:09:24.490 [main] INFO  o.h.e.j.c.i.DriverManagerConnectionProviderImpl -
				HHH000115: Hibernate connection pool size: 20 (min=1)
17:09:24.586 [main] INFO  org.hibernate.dialect.Dialect -
				HHH000400: Using dialect: org.hibernate.dialect.MySQL8Dialect
17:09:24.617 [main] INFO  o.h.e.t.j.p.i.JtaPlatformInitiator -
				HHH000490: Using JtaPlatform implementation: [org.hibernate.engine.transaction.jta.platform.internal.NoJtaPlatform]
17:09:24.656 [main] INFO  o.hibernate.orm.connections.pooling -
				HHH10001008: Cleaning up connection pool [jdbc:mysql://bxtb5p7tvljidmqpfkpw-mysql.services.clever-cloud.com:3306/bxtb5p7tvljidmqpfkpw?useSSL=false]
